<?xml version="1.0" encoding="UTF-8"?>
<testng-results skipped="0" failed="0" ignored="0" total="6" passed="6">
  <reporter-output>
  </reporter-output>
  <suite name="Default suite" duration-ms="33987" started-at="2020-09-05T16:27:05 IST" finished-at="2020-09-05T16:27:39 IST">
    <groups>
    </groups>
    <test name="Default test" duration-ms="33987" started-at="2020-09-05T16:27:05 IST" finished-at="2020-09-05T16:27:39 IST">
      <class name="com.Flipkart.website.pckg7.Flipkart_AC2">
        <test-method status="PASS" signature="beforeClass(java.lang.String)[pri:0, instance:com.Flipkart.website.pckg7.Flipkart_AC2@4d50efb8]" name="beforeClass" is-config="true" duration-ms="6761" started-at="2020-09-05T16:27:05 IST" finished-at="2020-09-05T16:27:12 IST">
          <params>
            <param index="0">
              <value>
                <![CDATA[firefox]]>
              </value>
            </param>
          </params>
          <reporter-output>
          </reporter-output>
        </test-method> <!-- beforeClass -->
        <test-method status="PASS" signature="getGoogle()[pri:3, instance:com.Flipkart.website.pckg7.Flipkart_AC2@4d50efb8]" name="getGoogle" duration-ms="2436" started-at="2020-09-05T16:27:12 IST" finished-at="2020-09-05T16:27:14 IST">
          <reporter-output>
          </reporter-output>
        </test-method> <!-- getGoogle -->
        <test-method status="PASS" signature="getFlipkart()[pri:4, instance:com.Flipkart.website.pckg7.Flipkart_AC2@4d50efb8]" name="getFlipkart" duration-ms="7464" started-at="2020-09-05T16:27:14 IST" finished-at="2020-09-05T16:27:22 IST">
          <reporter-output>
          </reporter-output>
        </test-method> <!-- getFlipkart -->
        <test-method status="PASS" signature="getwindowAC()[pri:5, instance:com.Flipkart.website.pckg7.Flipkart_AC2@4d50efb8]" name="getwindowAC" duration-ms="1199" started-at="2020-09-05T16:27:22 IST" finished-at="2020-09-05T16:27:23 IST">
          <reporter-output>
          </reporter-output>
        </test-method> <!-- getwindowAC -->
        <test-method status="PASS" signature="getNameAndPrice()[pri:6, instance:com.Flipkart.website.pckg7.Flipkart_AC2@4d50efb8]" name="getNameAndPrice" duration-ms="3345" started-at="2020-09-05T16:27:23 IST" finished-at="2020-09-05T16:27:26 IST">
          <reporter-output>
          </reporter-output>
        </test-method> <!-- getNameAndPrice -->
        <test-method status="PASS" signature="getCart()[pri:7, instance:com.Flipkart.website.pckg7.Flipkart_AC2@4d50efb8]" name="getCart" duration-ms="2494" started-at="2020-09-05T16:27:26 IST" finished-at="2020-09-05T16:27:29 IST">
          <reporter-output>
          </reporter-output>
        </test-method> <!-- getCart -->
        <test-method status="PASS" signature="getAvailablity()[pri:8, instance:com.Flipkart.website.pckg7.Flipkart_AC2@4d50efb8]" name="getAvailablity" duration-ms="4103" started-at="2020-09-05T16:27:29 IST" finished-at="2020-09-05T16:27:33 IST">
          <reporter-output>
          </reporter-output>
        </test-method> <!-- getAvailablity -->
        <test-method status="PASS" signature="afterClass()[pri:0, instance:com.Flipkart.website.pckg7.Flipkart_AC2@4d50efb8]" name="afterClass" is-config="true" duration-ms="6130" started-at="2020-09-05T16:27:33 IST" finished-at="2020-09-05T16:27:39 IST">
          <reporter-output>
          </reporter-output>
        </test-method> <!-- afterClass -->
      </class> <!-- com.Flipkart.website.pckg7.Flipkart_AC2 -->
    </test> <!-- Default test -->
  </suite> <!-- Default suite -->
</testng-results>
